Determining if the pthread_create exist failed with the following output:
Change Dir: /home/amsl/AMSL_ros_pkg/rwrc14/rwrc14_waypoint_manager/build/CMakeFiles/CMakeTmp

Run Build Command:/usr/bin/make "cmTryCompileExec580652195/fast"
make[1]: Entering directory `/home/amsl/AMSL_ros_pkg/rwrc14/rwrc14_waypoint_manager/build/CMakeFiles/CMakeTmp'
/usr/bin/make -f CMakeFiles/cmTryCompileExec580652195.dir/build.make CMakeFiles/cmTryCompileExec580652195.dir/build
make[2]: Entering directory `/home/amsl/AMSL_ros_pkg/rwrc14/rwrc14_waypoint_manager/build/CMakeFiles/CMakeTmp'
/usr/bin/cmake -E cmake_progress_report /home/amsl/AMSL_ros_pkg/rwrc14/rwrc14_waypoint_manager/build/CMakeFiles/CMakeTmp/CMakeFiles 1
Building C object CMakeFiles/cmTryCompileExec580652195.dir/CheckSymbolExists.c.o
/usr/bin/cc    -o CMakeFiles/cmTryCompileExec580652195.dir/CheckSymbolExists.c.o   -c /home/amsl/AMSL_ros_pkg/rwrc14/rwrc14_waypoint_manager/build/CMakeFiles/CMakeTmp/CheckSymbolExists.c
Linking C executable cmTryCompileExec580652195
/usr/bin/cmake -E cmake_link_script CMakeFiles/cmTryCompileExec580652195.dir/link.txt --verbose=1
/usr/bin/cc         CMakeFiles/cmTryCompileExec580652195.dir/CheckSymbolExists.c.o  -o cmTryCompileExec580652195 -rdynamic 
CMakeFiles/cmTryCompileExec580652195.dir/CheckSymbolExists.c.o: In function `main':
CheckSymbolExists.c:(.text+0x16): undefined reference to `pthread_create'
collect2: error: ld returned 1 exit status
make[2]: *** [cmTryCompileExec580652195] Error 1
make[2]: Leaving directory `/home/amsl/AMSL_ros_pkg/rwrc14/rwrc14_waypoint_manager/build/CMakeFiles/CMakeTmp'
make[1]: Leaving directory `/home/amsl/AMSL_ros_pkg/rwrc14/rwrc14_waypoint_manager/build/CMakeFiles/CMakeTmp'
make[1]: *** [cmTryCompileExec580652195/fast] Error 2

File /home/amsl/AMSL_ros_pkg/rwrc14/rwrc14_waypoint_manager/build/CMakeFiles/CMakeTmp/CheckSymbolExists.c:
/* */
#include <pthread.h>

int main(int argc, char** argv)
{
  (void)argv;
#ifndef pthread_create
  return ((int*)(&pthread_create))[argc];
#else
  (void)argc;
  return 0;
#endif
}

Determining if the function pthread_create exists in the pthreads failed with the following output:
Change Dir: /home/amsl/AMSL_ros_pkg/rwrc14/rwrc14_waypoint_manager/build/CMakeFiles/CMakeTmp

Run Build Command:/usr/bin/make "cmTryCompileExec1198203971/fast"
make[1]: Entering directory `/home/amsl/AMSL_ros_pkg/rwrc14/rwrc14_waypoint_manager/build/CMakeFiles/CMakeTmp'
/usr/bin/make -f CMakeFiles/cmTryCompileExec1198203971.dir/build.make CMakeFiles/cmTryCompileExec1198203971.dir/build
make[2]: Entering directory `/home/amsl/AMSL_ros_pkg/rwrc14/rwrc14_waypoint_manager/build/CMakeFiles/CMakeTmp'
/usr/bin/cmake -E cmake_progress_report /home/amsl/AMSL_ros_pkg/rwrc14/rwrc14_waypoint_manager/build/CMakeFiles/CMakeTmp/CMakeFiles 1
Building C object CMakeFiles/cmTryCompileExec1198203971.dir/CheckFunctionExists.c.o
/usr/bin/cc   -DCHECK_FUNCTION_EXISTS=pthread_create   -o CMakeFiles/cmTryCompileExec1198203971.dir/CheckFunctionExists.c.o   -c /usr/share/cmake-2.8/Modules/CheckFunctionExists.c
Linking C executable cmTryCompileExec1198203971
/usr/bin/cmake -E cmake_link_script CMakeFiles/cmTryCompileExec1198203971.dir/link.txt --verbose=1
/usr/bin/cc     -DCHECK_FUNCTION_EXISTS=pthread_create    CMakeFiles/cmTryCompileExec1198203971.dir/CheckFunctionExists.c.o  -o cmTryCompileExec1198203971 -rdynamic -lpthreads 
/usr/bin/ld: cannot find -lpthreads
collect2: error: ld returned 1 exit status
make[2]: *** [cmTryCompileExec1198203971] Error 1
make[2]: Leaving directory `/home/amsl/AMSL_ros_pkg/rwrc14/rwrc14_waypoint_manager/build/CMakeFiles/CMakeTmp'
make[1]: *** [cmTryCompileExec1198203971/fast] Error 2
make[1]: Leaving directory `/home/amsl/AMSL_ros_pkg/rwrc14/rwrc14_waypoint_manager/build/CMakeFiles/CMakeTmp'


